2019-09-29 15:58:44    OP240发送心跳失败

2019-09-29 15:58:44    OP020A-2发送心跳失败

2019-09-29 15:58:44    CZ4发送心跳失败

2019-09-29 15:58:44    OP220发送心跳失败

2019-09-29 15:58:44    OP210发送心跳失败

2019-09-29 15:58:44    OP200B发送心跳失败

2019-09-29 15:58:44    OP200A发送心跳失败

2019-09-29 15:58:44    OP130B发送心跳失败

2019-09-29 15:58:44    OP130A发送心跳失败

2019-09-29 15:58:44    OPOP110发送心跳失败

2019-09-29 15:58:44    OP100-2发送心跳失败

2019-09-29 15:58:44    OP090发送心跳失败

2019-09-29 15:58:44    OP080发送心跳失败

2019-09-29 15:58:44    OP070A发送心跳失败

2019-09-29 15:58:44    电芯二段发送心跳失败

2019-09-29 15:58:44    转运段发送心跳失败

2019-09-29 15:58:44    电芯一段发送心跳失败

2019-09-29 15:58:54    OP220发送心跳失败

2019-09-29 15:58:54    OP240发送心跳失败

2019-09-29 15:58:54    OP020A-2发送心跳失败

2019-09-29 15:58:54    CZ4发送心跳失败

2019-09-29 15:58:54    OP210发送心跳失败

2019-09-29 15:58:54    OP200B发送心跳失败

2019-09-29 15:58:54    OP200A发送心跳失败

2019-09-29 15:58:54    OP130B发送心跳失败

2019-09-29 15:58:54    OP130A发送心跳失败

2019-09-29 15:58:54    OPOP110发送心跳失败

2019-09-29 15:58:54    OP100-2发送心跳失败

2019-09-29 15:58:54    OP090发送心跳失败

2019-09-29 15:58:54    OP080发送心跳失败

2019-09-29 15:58:54    OP070A发送心跳失败

2019-09-29 15:58:54    电芯二段发送心跳失败

2019-09-29 15:58:54    转运段发送心跳失败

2019-09-29 15:58:54    电芯一段发送心跳失败

2019-09-29 15:59:04    OP240发送心跳失败

2019-09-29 15:59:04    OP220发送心跳失败

2019-09-29 15:59:04    CZ4发送心跳失败

2019-09-29 15:59:04    OP020A-2发送心跳失败

2019-09-29 15:59:04    OP210发送心跳失败

2019-09-29 15:59:04    OP200B发送心跳失败

2019-09-29 15:59:04    OP200A发送心跳失败

2019-09-29 15:59:04    OP130B发送心跳失败

2019-09-29 15:59:04    OP130A发送心跳失败

2019-09-29 15:59:04    OPOP110发送心跳失败

2019-09-29 15:59:04    OP100-2发送心跳失败

2019-09-29 15:59:04    OP090发送心跳失败

2019-09-29 15:59:04    OP080发送心跳失败

2019-09-29 15:59:04    OP070A发送心跳失败

2019-09-29 15:59:04    电芯二段发送心跳失败

2019-09-29 15:59:04    转运段发送心跳失败

2019-09-29 15:59:04    电芯一段发送心跳失败

2019-09-29 15:59:14    CZ4发送心跳失败

2019-09-29 15:59:14    OP020A-2发送心跳失败

2019-09-29 15:59:14    OP240发送心跳失败

2019-09-29 15:59:14    OP220发送心跳失败

2019-09-29 15:59:14    OP210发送心跳失败

2019-09-29 15:59:14    OP200B发送心跳失败

2019-09-29 15:59:14    OP200A发送心跳失败

2019-09-29 15:59:14    OP130B发送心跳失败

2019-09-29 15:59:14    OP130A发送心跳失败

2019-09-29 15:59:14    OPOP110发送心跳失败

2019-09-29 15:59:14    OP100-2发送心跳失败

2019-09-29 15:59:14    OP090发送心跳失败

2019-09-29 15:59:14    OP080发送心跳失败

2019-09-29 15:59:14    OP070A发送心跳失败

2019-09-29 15:59:14    电芯二段发送心跳失败

2019-09-29 15:59:14    转运段发送心跳失败

2019-09-29 15:59:14    电芯一段发送心跳失败

2019-09-29 15:59:24    CZ4发送心跳失败

2019-09-29 15:59:24    OP020A-2发送心跳失败

2019-09-29 15:59:24    OP240发送心跳失败

2019-09-29 15:59:24    OP220发送心跳失败

2019-09-29 15:59:24    OP210发送心跳失败

2019-09-29 15:59:24    OP200B发送心跳失败

2019-09-29 15:59:24    OP200A发送心跳失败

2019-09-29 15:59:24    OP130B发送心跳失败

2019-09-29 15:59:24    OP130A发送心跳失败

2019-09-29 15:59:24    OPOP110发送心跳失败

2019-09-29 15:59:24    OP100-2发送心跳失败

2019-09-29 15:59:24    OP090发送心跳失败

2019-09-29 15:59:24    OP080发送心跳失败

2019-09-29 15:59:24    OP070A发送心跳失败

2019-09-29 15:59:24    电芯二段发送心跳失败

2019-09-29 15:59:24    转运段发送心跳失败

2019-09-29 15:59:24    电芯一段发送心跳失败

2019-09-29 15:59:34    CZ4发送心跳失败

2019-09-29 15:59:34    OP020A-2发送心跳失败

2019-09-29 15:59:34    OP240发送心跳失败

2019-09-29 15:59:34    OP220发送心跳失败

2019-09-29 15:59:34    OP210发送心跳失败

2019-09-29 15:59:34    OP200B发送心跳失败

2019-09-29 15:59:34    OP200A发送心跳失败

2019-09-29 15:59:34    OP130B发送心跳失败

2019-09-29 15:59:34    OP130A发送心跳失败

2019-09-29 15:59:34    OPOP110发送心跳失败

2019-09-29 15:59:34    OP100-2发送心跳失败

2019-09-29 15:59:34    OP090发送心跳失败

2019-09-29 15:59:34    OP080发送心跳失败

2019-09-29 15:59:34    OP070A发送心跳失败

2019-09-29 15:59:34    电芯二段发送心跳失败

2019-09-29 15:59:34    转运段发送心跳失败

2019-09-29 15:59:34    电芯一段发送心跳失败

2019-09-29 15:59:44    CZ4发送心跳失败

2019-09-29 15:59:44    OP020A-2发送心跳失败

2019-09-29 15:59:44    OP240发送心跳失败

2019-09-29 15:59:44    OP220发送心跳失败

2019-09-29 15:59:44    OP210发送心跳失败

2019-09-29 15:59:44    OP200B发送心跳失败

2019-09-29 15:59:44    OP200A发送心跳失败

2019-09-29 15:59:44    OP130B发送心跳失败

2019-09-29 15:59:44    OP130A发送心跳失败

2019-09-29 15:59:44    OPOP110发送心跳失败

2019-09-29 15:59:44    OP100-2发送心跳失败

2019-09-29 15:59:44    OP090发送心跳失败

2019-09-29 15:59:44    OP080发送心跳失败

2019-09-29 15:59:44    OP070A发送心跳失败

2019-09-29 15:59:44    电芯二段发送心跳失败

2019-09-29 15:59:44    转运段发送心跳失败

2019-09-29 15:59:44    电芯一段发送心跳失败

2019-09-29 15:59:54    CZ4发送心跳失败

2019-09-29 15:59:54    OP020A-2发送心跳失败

2019-09-29 15:59:54    OP240发送心跳失败

2019-09-29 15:59:54    OP220发送心跳失败

2019-09-29 15:59:54    OP210发送心跳失败

2019-09-29 15:59:54    OP200B发送心跳失败

2019-09-29 15:59:54    OP200A发送心跳失败

2019-09-29 15:59:54    OP130B发送心跳失败

2019-09-29 15:59:54    OP130A发送心跳失败

2019-09-29 15:59:54    OPOP110发送心跳失败

2019-09-29 15:59:54    OP100-2发送心跳失败

2019-09-29 15:59:54    OP090发送心跳失败

2019-09-29 15:59:54    OP080发送心跳失败

2019-09-29 15:59:54    OP070A发送心跳失败

2019-09-29 15:59:54    电芯二段发送心跳失败

2019-09-29 15:59:54    转运段发送心跳失败

2019-09-29 15:59:54    电芯一段发送心跳失败

2019-09-29 16:00:04    电芯一段发送心跳失败

2019-09-29 16:00:04    转运段发送心跳失败

2019-09-29 16:00:04    电芯二段发送心跳失败

2019-09-29 16:00:04    OP070A发送心跳失败

2019-09-29 16:00:04    OP080发送心跳失败

2019-09-29 16:00:04    OP090发送心跳失败

2019-09-29 16:00:04    OP100-2发送心跳失败

2019-09-29 16:00:04    OPOP110发送心跳失败

2019-09-29 16:00:04    OP130A发送心跳失败

2019-09-29 16:00:04    OP130B发送心跳失败

2019-09-29 16:00:04    OP200A发送心跳失败

2019-09-29 16:00:04    OP200B发送心跳失败

2019-09-29 16:00:04    OP210发送心跳失败

2019-09-29 16:00:04    OP220发送心跳失败

2019-09-29 16:00:04    OP240发送心跳失败

2019-09-29 16:00:04    OP020A-2发送心跳失败

2019-09-29 16:00:04    CZ4发送心跳失败

2019-09-29 16:00:14    电芯一段发送心跳失败

2019-09-29 16:00:14    转运段发送心跳失败

2019-09-29 16:00:14    电芯二段发送心跳失败

2019-09-29 16:00:14    OP070A发送心跳失败

2019-09-29 16:00:14    OP080发送心跳失败

2019-09-29 16:00:14    OP090发送心跳失败

2019-09-29 16:00:14    OP100-2发送心跳失败

2019-09-29 16:00:14    OPOP110发送心跳失败

2019-09-29 16:00:14    OP130A发送心跳失败

2019-09-29 16:00:14    OP130B发送心跳失败

2019-09-29 16:00:14    OP200A发送心跳失败

2019-09-29 16:00:14    OP200B发送心跳失败

2019-09-29 16:00:14    CZ4发送心跳失败

2019-09-29 16:00:14    OP020A-2发送心跳失败

2019-09-29 16:00:14    OP240发送心跳失败

2019-09-29 16:00:14    OP220发送心跳失败

2019-09-29 16:00:14    OP210发送心跳失败

2019-09-29 16:00:24    OP200A发送心跳失败

2019-09-29 16:00:24    OP130B发送心跳失败

2019-09-29 16:00:24    OP130A发送心跳失败

2019-09-29 16:00:24    OPOP110发送心跳失败

2019-09-29 16:00:24    OP100-2发送心跳失败

2019-09-29 16:00:24    OP090发送心跳失败

2019-09-29 16:00:24    OP080发送心跳失败

2019-09-29 16:00:24    OP070A发送心跳失败

2019-09-29 16:00:24    电芯二段发送心跳失败

2019-09-29 16:00:24    转运段发送心跳失败

2019-09-29 16:00:24    电芯一段发送心跳失败

2019-09-29 16:00:24    OP200B发送心跳失败

2019-09-29 16:00:24    CZ4发送心跳失败

2019-09-29 16:00:24    OP020A-2发送心跳失败

2019-09-29 16:00:24    OP240发送心跳失败

2019-09-29 16:00:24    OP220发送心跳失败

2019-09-29 16:00:24    OP210发送心跳失败

2019-09-29 16:00:34    CZ4发送心跳失败

2019-09-29 16:00:34    OP020A-2发送心跳失败

2019-09-29 16:00:34    OP240发送心跳失败

2019-09-29 16:00:34    OP220发送心跳失败

2019-09-29 16:00:34    OP210发送心跳失败

2019-09-29 16:00:34    OP200B发送心跳失败

2019-09-29 16:00:34    OP200A发送心跳失败

2019-09-29 16:00:34    OP130B发送心跳失败

2019-09-29 16:00:34    OP130A发送心跳失败

2019-09-29 16:00:34    OPOP110发送心跳失败

2019-09-29 16:00:34    OP100-2发送心跳失败

2019-09-29 16:00:34    OP090发送心跳失败

2019-09-29 16:00:34    OP080发送心跳失败

2019-09-29 16:00:34    OP070A发送心跳失败

2019-09-29 16:00:34    电芯二段发送心跳失败

2019-09-29 16:00:34    转运段发送心跳失败

2019-09-29 16:00:34    电芯一段发送心跳失败

2019-09-29 16:00:44    CZ4发送心跳失败

2019-09-29 16:00:44    OP020A-2发送心跳失败

2019-09-29 16:00:44    OP240发送心跳失败

2019-09-29 16:00:44    OP220发送心跳失败

2019-09-29 16:00:44    OP210发送心跳失败

2019-09-29 16:00:44    OP200B发送心跳失败

2019-09-29 16:00:44    OP200A发送心跳失败

2019-09-29 16:00:44    OP130B发送心跳失败

2019-09-29 16:00:44    OP130A发送心跳失败

2019-09-29 16:00:44    OPOP110发送心跳失败

2019-09-29 16:00:44    OP100-2发送心跳失败

2019-09-29 16:00:44    OP090发送心跳失败

2019-09-29 16:00:44    OP080发送心跳失败

2019-09-29 16:00:44    OP070A发送心跳失败

2019-09-29 16:00:44    电芯二段发送心跳失败

2019-09-29 16:00:44    转运段发送心跳失败

2019-09-29 16:00:44    电芯一段发送心跳失败

2019-09-29 16:00:54    CZ4发送心跳失败

2019-09-29 16:00:54    OP020A-2发送心跳失败

2019-09-29 16:00:54    OP240发送心跳失败

2019-09-29 16:00:54    OP220发送心跳失败

2019-09-29 16:00:54    OP210发送心跳失败

2019-09-29 16:00:54    OP200B发送心跳失败

2019-09-29 16:00:54    OP200A发送心跳失败

2019-09-29 16:00:54    OP130B发送心跳失败

2019-09-29 16:00:54    OP130A发送心跳失败

2019-09-29 16:00:54    OPOP110发送心跳失败

2019-09-29 16:22:44    转运段发送心跳失败

2019-09-29 16:22:44    电芯一段发送心跳失败

2019-09-29 16:22:46    电芯二段发送心跳失败

2019-09-29 16:22:48    OP070A发送心跳失败

2019-09-29 16:22:49    OP080发送心跳失败

2019-09-29 16:22:49    OP090发送心跳失败

2019-09-29 16:22:50    OP100-2发送心跳失败

2019-09-29 16:22:50    OPOP110发送心跳失败

2019-09-29 16:22:53    OP130A发送心跳失败

2019-09-29 16:22:53    OP130B发送心跳失败

2019-09-29 16:22:54    OP200A发送心跳失败

2019-09-29 16:22:54    电芯一段发送心跳失败

2019-09-29 16:22:54    转运段发送心跳失败

2019-09-29 16:22:54    OP200B发送心跳失败

2019-09-29 16:22:55    OP210发送心跳失败

2019-09-29 16:22:56    电芯二段发送心跳失败

2019-09-29 16:22:56    OP220发送心跳失败

2019-09-29 16:22:57    OP240发送心跳失败

2019-09-29 16:22:58    OP070A发送心跳失败

2019-09-29 16:22:58    OP020A-2发送心跳失败

2019-09-29 16:22:59    OP080发送心跳失败

2019-09-29 16:22:59    OP090发送心跳失败

2019-09-29 16:22:59    CZ4发送心跳失败

2019-09-29 16:23:00    OP100-2发送心跳失败

2019-09-29 16:23:00    OPOP110发送心跳失败

2019-09-29 16:23:03    OP130B发送心跳失败

2019-09-29 16:23:03    OP130A发送心跳失败

2019-09-29 16:23:04    OP200A发送心跳失败

2019-09-29 16:23:04    转运段发送心跳失败

2019-09-29 16:23:04    电芯一段发送心跳失败

2019-09-29 16:23:04    OP200B发送心跳失败

2019-09-29 16:23:05    OP210发送心跳失败

2019-09-29 16:23:06    电芯二段发送心跳失败

2019-09-29 16:23:06    OP220发送心跳失败

2019-09-29 16:23:07    OP240发送心跳失败

2019-09-29 16:23:08    OP070A发送心跳失败

2019-09-29 16:23:08    OP020A-2发送心跳失败

2019-09-29 16:23:09    OP080发送心跳失败

2019-09-29 16:23:09    OP090发送心跳失败

2019-09-29 16:23:09    CZ4发送心跳失败

2019-09-29 16:23:10    OP100-2发送心跳失败

2019-09-29 16:23:10    OPOP110发送心跳失败

2019-09-29 16:23:13    OP130B发送心跳失败

2019-09-29 16:23:13    OP130A发送心跳失败

2019-09-29 16:23:14    OP200A发送心跳失败

2019-09-29 16:23:14    转运段发送心跳失败

2019-09-29 16:23:14    电芯一段发送心跳失败

2019-09-29 16:23:14    OP200B发送心跳失败

2019-09-29 16:23:15    OP210发送心跳失败

2019-09-29 16:23:16    电芯二段发送心跳失败

2019-09-29 16:23:16    OP220发送心跳失败

2019-09-29 16:23:18    OP240发送心跳失败

2019-09-29 16:23:19    OP070A发送心跳失败

2019-09-29 16:23:19    OP080发送心跳失败

2019-09-29 16:23:19    OP020A-2发送心跳失败

2019-09-29 16:23:19    OP090发送心跳失败

2019-09-29 16:23:19    CZ4发送心跳失败

2019-09-29 16:23:20    OP100-2发送心跳失败

2019-09-29 16:23:20    OPOP110发送心跳失败

2019-09-29 16:23:24    OP130A发送心跳失败

2019-09-29 16:23:24    OP130B发送心跳失败

2019-09-29 16:23:24    OP200A发送心跳失败

2019-09-29 16:23:25    电芯一段发送心跳失败

2019-09-29 16:23:25    转运段发送心跳失败

2019-09-29 16:23:25    OP200B发送心跳失败

2019-09-29 16:23:26    OP210发送心跳失败

2019-09-29 16:23:26    电芯二段发送心跳失败

2019-09-29 16:23:26    OP220发送心跳失败

2019-09-29 16:23:28    OP240发送心跳失败

2019-09-29 16:23:29    OP070A发送心跳失败

2019-09-29 16:23:29    OP080发送心跳失败

2019-09-29 16:23:29    OP020A-2发送心跳失败

2019-09-29 16:23:31    OPOP110发送心跳失败

2019-09-29 16:23:31    OP090发送心跳失败

2019-09-29 16:23:31    OP100-2发送心跳失败

2019-09-29 16:23:31    CZ4发送心跳失败

2019-09-29 16:23:35    OP200A发送心跳失败

2019-09-29 16:23:35    OP130A发送心跳失败

2019-09-29 16:23:35    OP130B发送心跳失败

2019-09-29 16:23:38    OP220发送心跳失败

2019-09-29 16:23:38    电芯一段发送心跳失败

2019-09-29 16:23:38    转运段发送心跳失败

2019-09-29 16:23:38    电芯二段发送心跳失败

2019-09-29 16:23:38    OP200B发送心跳失败

2019-09-29 16:23:38    OP210发送心跳失败

2019-09-29 16:23:38    OP240发送心跳失败

2019-09-29 16:23:41    OP070A发送心跳失败

2019-09-29 16:23:41    OP080发送心跳失败

2019-09-29 16:23:41    OP020A-2发送心跳失败

2019-09-29 16:23:43    OP090发送心跳失败

2019-09-29 16:23:43    OP100-2发送心跳失败

2019-09-29 16:23:43    OPOP110发送心跳失败

2019-09-29 16:23:43    CZ4发送心跳失败

2019-09-29 16:23:45    OP130A发送心跳失败

2019-09-29 16:23:45    OP130B发送心跳失败

2019-09-29 16:23:45    OP200A发送心跳失败

2019-09-29 16:23:49    电芯一段发送心跳失败

2019-09-29 16:23:49    转运段发送心跳失败

2019-09-29 16:23:49    电芯二段发送心跳失败

2019-09-29 16:23:49    OP200B发送心跳失败

2019-09-29 16:23:49    OP210发送心跳失败

2019-09-29 16:23:49    OP220发送心跳失败

2019-09-29 16:23:49    OP240发送心跳失败

2019-09-29 16:23:51    OP070A发送心跳失败

2019-09-29 16:23:51    OP080发送心跳失败

2019-09-29 16:23:51    OP020A-2发送心跳失败

2019-09-29 16:23:53    OP090发送心跳失败

2019-09-29 16:23:53    OP100-2发送心跳失败

2019-09-29 16:23:53    OPOP110发送心跳失败

2019-09-29 16:23:53    CZ4发送心跳失败

2019-09-29 16:23:56    OP130A发送心跳失败

2019-09-29 16:23:56    OP130B发送心跳失败

2019-09-29 16:23:56    OP200A发送心跳失败

2019-09-29 16:24:05    电芯一段发送心跳失败

2019-09-29 16:24:05    转运段发送心跳失败

2019-09-29 16:24:05    电芯二段发送心跳失败

2019-09-29 16:24:05    OP070A发送心跳失败

2019-09-29 16:24:05    OP080发送心跳失败

2019-09-29 16:24:05    OP090发送心跳失败

2019-09-29 16:24:05    OP100-2发送心跳失败

2019-09-29 16:24:05    OPOP110发送心跳失败

2019-09-29 16:24:05    OP200B发送心跳失败

2019-09-29 16:24:05    OP210发送心跳失败

2019-09-29 16:24:05    OP220发送心跳失败

2019-09-29 16:24:05    OP240发送心跳失败

2019-09-29 16:24:05    OP020A-2发送心跳失败

2019-09-29 16:24:05    CZ4发送心跳失败

2019-09-29 16:24:06    OP130A发送心跳失败

2019-09-29 16:24:06    OP130B发送心跳失败

2019-09-29 16:24:06    OP200A发送心跳失败

2019-09-29 16:24:18    电芯一段发送心跳失败

2019-09-29 16:24:18    转运段发送心跳失败

2019-09-29 16:24:18    电芯二段发送心跳失败

2019-09-29 16:24:18    OP070A发送心跳失败

2019-09-29 16:24:18    OP080发送心跳失败

2019-09-29 16:24:18    OP090发送心跳失败

2019-09-29 16:24:18    OP100-2发送心跳失败

2019-09-29 16:24:18    OPOP110发送心跳失败

2019-09-29 16:24:18    OP130A发送心跳失败

2019-09-29 16:24:18    OP130B发送心跳失败

2019-09-29 16:24:18    OP200A发送心跳失败

2019-09-29 16:24:18    OP200B发送心跳失败

2019-09-29 16:24:18    OP210发送心跳失败

2019-09-29 16:24:18    OP220发送心跳失败

2019-09-29 16:24:18    OP240发送心跳失败

2019-09-29 16:24:18    OP020A-2发送心跳失败

2019-09-29 16:24:18    CZ4发送心跳失败

2019-09-29 16:24:28    电芯二段发送心跳失败

2019-09-29 16:24:28    OP070A发送心跳失败

2019-09-29 16:24:28    电芯一段发送心跳失败

2019-09-29 16:24:28    转运段发送心跳失败

2019-09-29 16:24:28    CZ4发送心跳失败

2019-09-29 16:24:28    OP020A-2发送心跳失败

2019-09-29 16:24:28    OP240发送心跳失败

2019-09-29 16:24:28    OP220发送心跳失败

2019-09-29 16:24:28    OP210发送心跳失败

2019-09-29 16:24:28    OP200B发送心跳失败

2019-09-29 16:24:28    OP200A发送心跳失败

2019-09-29 16:24:28    OP130B发送心跳失败

2019-09-29 16:24:28    OP130A发送心跳失败

2019-09-29 16:24:28    OPOP110发送心跳失败

2019-09-29 16:24:28    OP100-2发送心跳失败

2019-09-29 16:24:28    OP090发送心跳失败

2019-09-29 16:24:28    OP080发送心跳失败

2019-09-29 16:24:38    OP070A发送心跳失败

2019-09-29 16:24:38    电芯二段发送心跳失败

2019-09-29 16:24:38    转运段发送心跳失败

2019-09-29 16:24:38    电芯一段发送心跳失败

2019-09-29 16:24:38    CZ4发送心跳失败

2019-09-29 16:24:38    OP020A-2发送心跳失败

2019-09-29 16:24:38    OP240发送心跳失败

2019-09-29 16:24:38    OP220发送心跳失败

2019-09-29 16:24:38    OP210发送心跳失败

2019-09-29 16:24:38    OP200B发送心跳失败

2019-09-29 16:24:38    OP200A发送心跳失败

2019-09-29 16:24:38    OP130B发送心跳失败

2019-09-29 16:24:38    OP130A发送心跳失败

2019-09-29 16:24:38    OPOP110发送心跳失败

2019-09-29 16:24:38    OP100-2发送心跳失败

2019-09-29 16:24:38    OP090发送心跳失败

2019-09-29 16:24:38    OP080发送心跳失败

2019-09-29 16:24:48    OP070A发送心跳失败

2019-09-29 16:24:48    电芯二段发送心跳失败

2019-09-29 16:24:48    转运段发送心跳失败

2019-09-29 16:24:48    电芯一段发送心跳失败

2019-09-29 16:24:48    CZ4发送心跳失败

2019-09-29 16:24:48    OP020A-2发送心跳失败

2019-09-29 16:24:48    OP240发送心跳失败

2019-09-29 16:24:48    OP220发送心跳失败

2019-09-29 16:24:48    OP210发送心跳失败

2019-09-29 16:24:48    OP200B发送心跳失败

2019-09-29 16:24:48    OP200A发送心跳失败

2019-09-29 16:24:48    OP130B发送心跳失败

2019-09-29 16:24:48    OP130A发送心跳失败

2019-09-29 16:24:48    OPOP110发送心跳失败

2019-09-29 16:24:48    OP100-2发送心跳失败

2019-09-29 16:24:48    OP090发送心跳失败

2019-09-29 16:24:48    OP080发送心跳失败

2019-09-29 16:24:58    OP070A发送心跳失败

2019-09-29 16:24:58    电芯二段发送心跳失败

2019-09-29 16:24:58    转运段发送心跳失败

2019-09-29 16:24:58    电芯一段发送心跳失败

2019-09-29 16:24:58    CZ4发送心跳失败

2019-09-29 16:24:58    OP020A-2发送心跳失败

2019-09-29 16:24:58    OP240发送心跳失败

2019-09-29 16:24:58    OP220发送心跳失败

2019-09-29 16:24:58    OP210发送心跳失败

2019-09-29 16:24:58    OP200B发送心跳失败

2019-09-29 16:24:58    OP200A发送心跳失败

2019-09-29 16:24:58    OP130B发送心跳失败

2019-09-29 16:24:58    OP130A发送心跳失败

2019-09-29 16:24:58    OPOP110发送心跳失败

2019-09-29 16:24:58    OP100-2发送心跳失败

2019-09-29 16:24:58    OP090发送心跳失败

2019-09-29 16:24:58    OP080发送心跳失败

2019-09-29 16:25:08    OP070A发送心跳失败

2019-09-29 16:25:08    电芯二段发送心跳失败

2019-09-29 16:25:08    转运段发送心跳失败

2019-09-29 16:25:08    电芯一段发送心跳失败

2019-09-29 16:25:08    CZ4发送心跳失败

2019-09-29 16:25:08    OP020A-2发送心跳失败

2019-09-29 16:25:08    OP240发送心跳失败

2019-09-29 16:25:08    OP220发送心跳失败

2019-09-29 16:25:08    OP210发送心跳失败

2019-09-29 16:25:08    OP200B发送心跳失败

2019-09-29 16:25:08    OP200A发送心跳失败

2019-09-29 16:25:08    OP130B发送心跳失败

2019-09-29 16:25:08    OP130A发送心跳失败

2019-09-29 16:25:08    OPOP110发送心跳失败

2019-09-29 16:25:08    OP100-2发送心跳失败

2019-09-29 16:25:08    OP090发送心跳失败

2019-09-29 16:25:08    OP080发送心跳失败

2019-09-29 16:25:19    电芯一段发送心跳失败

2019-09-29 16:25:19    转运段发送心跳失败

2019-09-29 16:25:19    电芯二段发送心跳失败

2019-09-29 16:25:19    OP070A发送心跳失败

2019-09-29 16:25:19    OP080发送心跳失败

2019-09-29 16:25:19    OP090发送心跳失败

2019-09-29 16:25:19    OP100-2发送心跳失败

2019-09-29 16:25:19    OPOP110发送心跳失败

2019-09-29 16:25:19    OP130A发送心跳失败

2019-09-29 16:25:19    OP130B发送心跳失败

2019-09-29 16:25:19    OP200A发送心跳失败

2019-09-29 16:25:19    OP200B发送心跳失败

2019-09-29 16:25:19    OP210发送心跳失败

2019-09-29 16:25:19    OP220发送心跳失败

2019-09-29 16:25:19    OP240发送心跳失败

2019-09-29 16:25:19    OP020A-2发送心跳失败

2019-09-29 16:25:19    CZ4发送心跳失败

2019-09-29 16:25:30    电芯一段发送心跳失败

2019-09-29 16:25:30    转运段发送心跳失败

2019-09-29 16:25:30    电芯二段发送心跳失败

2019-09-29 16:25:30    OP070A发送心跳失败

2019-09-29 16:25:30    OP080发送心跳失败

2019-09-29 16:25:30    OP090发送心跳失败

2019-09-29 16:25:30    OP100-2发送心跳失败

2019-09-29 16:25:30    OPOP110发送心跳失败

2019-09-29 16:25:31    OP130A发送心跳失败

2019-09-29 16:25:31    OP130B发送心跳失败

2019-09-29 16:25:31    OP200A发送心跳失败

2019-09-29 16:25:31    OP200B发送心跳失败

2019-09-29 16:25:31    OP210发送心跳失败

2019-09-29 16:25:31    OP220发送心跳失败

2019-09-29 16:25:31    OP240发送心跳失败

2019-09-29 16:25:31    OP020A-2发送心跳失败

2019-09-29 16:25:31    CZ4发送心跳失败

2019-09-29 16:25:44    电芯一段发送心跳失败

2019-09-29 16:25:44    转运段发送心跳失败

2019-09-29 16:25:44    电芯二段发送心跳失败

2019-09-29 16:25:44    OP070A发送心跳失败

2019-09-29 16:25:44    OP080发送心跳失败

2019-09-29 16:25:44    OP090发送心跳失败

2019-09-29 16:25:44    OP100-2发送心跳失败

2019-09-29 16:25:44    OPOP110发送心跳失败

2019-09-29 16:25:44    OP130A发送心跳失败

2019-09-29 16:25:44    OP130B发送心跳失败

2019-09-29 16:25:44    OP200A发送心跳失败

2019-09-29 16:25:44    OP200B发送心跳失败

2019-09-29 16:25:44    OP210发送心跳失败

2019-09-29 16:25:44    OP220发送心跳失败

2019-09-29 16:25:44    OP240发送心跳失败

2019-09-29 16:25:44    OP020A-2发送心跳失败

2019-09-29 16:25:44    CZ4发送心跳失败

2019-09-29 16:28:30    转运段发送心跳失败

2019-09-29 16:28:30    电芯二段发送心跳失败

2019-09-29 16:28:30    电芯一段发送心跳失败

2019-09-29 16:28:31    OP070A发送心跳失败

2019-09-29 16:28:32    OP080发送心跳失败

2019-09-29 16:28:33    OP090发送心跳失败

2019-09-29 16:28:33    OP100-2发送心跳失败

2019-09-29 16:28:35    OPOP110发送心跳失败

2019-09-29 16:28:35    OP130A发送心跳失败

2019-09-29 16:28:35    OP130B发送心跳失败

2019-09-29 16:28:36    OP200A发送心跳失败

2019-09-29 16:28:37    OP200B发送心跳失败

2019-09-29 16:28:38    OP210发送心跳失败

2019-09-29 16:28:40    转运段发送心跳失败

2019-09-29 16:28:40    OP220发送心跳失败

2019-09-29 16:33:53    电芯一段发送心跳失败

2019-09-29 16:33:53    电芯二段发送心跳失败

2019-09-29 16:33:53    OP070A发送心跳失败

2019-09-29 16:33:53    OP080发送心跳失败

2019-09-29 16:33:53    OP090发送心跳失败

2019-09-29 16:33:53    OP100-2发送心跳失败

2019-09-29 16:33:53    OP200A发送心跳失败

2019-09-29 16:33:53    转运段发送心跳失败

2019-09-29 16:33:53    OPOP110发送心跳失败

2019-09-29 16:33:53    OP130A发送心跳失败

2019-09-29 16:33:53    OP130B发送心跳失败

2019-09-29 16:33:53    OP200B发送心跳失败

2019-09-29 16:33:53    OP210发送心跳失败

2019-09-29 16:33:53    OP220发送心跳失败

2019-09-29 16:33:53    OP240发送心跳失败

2019-09-29 16:33:53    OP020A-2发送心跳失败

2019-09-29 16:33:53    CZ4发送心跳失败

2019-09-29 16:35:38    转运段发送心跳失败

2019-09-29 16:35:38    电芯一段发送心跳失败

2019-09-29 16:35:40    电芯二段发送心跳失败

2019-09-29 16:35:41    OP070A发送心跳失败

2019-09-29 16:35:42    OP080发送心跳失败

2019-09-29 16:35:43    OP090发送心跳失败

2019-09-29 16:35:44    OP100-2发送心跳失败

2019-09-29 16:35:45    OPOP110发送心跳失败

2019-09-29 16:35:46    OP130A发送心跳失败

2019-09-29 16:35:47    OP130B发送心跳失败

2019-09-29 16:35:48    OP200A发送心跳失败

2019-09-29 16:35:48    电芯一段发送心跳失败

2019-09-29 16:35:48    转运段发送心跳失败

2019-09-29 16:35:49    OP200B发送心跳失败

2019-09-29 16:35:50    OP210发送心跳失败

2019-09-29 16:35:50    电芯二段发送心跳失败

2019-09-29 16:35:51    OP220发送心跳失败

2019-09-29 16:35:51    OP070A发送心跳失败

2019-09-29 16:35:52    OP240发送心跳失败

2019-09-29 16:35:52    OP080发送心跳失败

2019-09-29 16:35:53    OP020A-2发送心跳失败

2019-09-29 16:35:53    OP090发送心跳失败

2019-09-29 16:35:54    OP100-2发送心跳失败

2019-09-29 16:35:54    CZ4发送心跳失败

2019-09-29 16:35:55    OPOP110发送心跳失败

2019-09-29 16:35:57    OP130A发送心跳失败

2019-09-29 16:35:57    OP130B发送心跳失败

2019-09-29 16:35:58    OP200A发送心跳失败

2019-09-29 16:35:59    电芯一段发送心跳失败

2019-09-29 16:35:59    转运段发送心跳失败

2019-09-29 16:35:59    OP200B发送心跳失败

2019-09-29 16:36:01    OP210发送心跳失败

2019-09-29 16:36:01    OP070A发送心跳失败

2019-09-29 16:36:01    OP220发送心跳失败

2019-09-29 16:36:02    OP240发送心跳失败

2019-09-29 16:36:02    OP080发送心跳失败

2019-09-29 16:36:03    OP020A-2发送心跳失败

2019-09-29 16:36:03    OP090发送心跳失败

2019-09-29 16:36:04    OP100-2发送心跳失败

2019-09-29 16:36:04    CZ4发送心跳失败

2019-09-29 16:36:05    OPOP110发送心跳失败

2019-09-29 16:36:07    OP130A发送心跳失败

2019-09-29 16:36:07    OP130B发送心跳失败

2019-09-29 16:36:08    OP200A发送心跳失败

2019-09-29 16:36:09    转运段发送心跳失败

2019-09-29 16:36:09    电芯一段发送心跳失败

2019-09-29 16:36:09    OP200B发送心跳失败

2019-09-29 16:36:11    OP210发送心跳失败

2019-09-29 16:36:11    OP220发送心跳失败

2019-09-29 16:36:11    OP070A发送心跳失败

2019-09-29 16:36:12    OP240发送心跳失败

2019-09-29 16:36:12    OP080发送心跳失败

2019-09-29 16:36:13    OP020A-2发送心跳失败

2019-09-29 16:36:13    OP090发送心跳失败

2019-09-29 16:36:14    OP100-2发送心跳失败

2019-09-29 16:36:14    CZ4发送心跳失败

2019-09-29 16:36:15    OPOP110发送心跳失败

2019-09-29 16:36:17    OP130A发送心跳失败

2019-09-29 16:36:17    OP130B发送心跳失败

2019-09-29 16:36:18    OP200A发送心跳失败

2019-09-29 16:36:19    电芯一段发送心跳失败

2019-09-29 16:36:19    转运段发送心跳失败

2019-09-29 16:36:19    OP200B发送心跳失败

2019-09-29 16:36:21    OP070A发送心跳失败

2019-09-29 16:36:21    OP210发送心跳失败

2019-09-29 16:36:21    OP220发送心跳失败

2019-09-29 16:36:23    OP080发送心跳失败

2019-09-29 16:36:23    OP090发送心跳失败

2019-09-29 16:36:23    OP240发送心跳失败

2019-09-29 16:36:23    OP020A-2发送心跳失败

2019-09-29 16:36:26    OPOP110发送心跳失败

2019-09-29 16:36:26    OP100-2发送心跳失败

2019-09-29 16:36:26    CZ4发送心跳失败

2019-09-29 16:36:27    OP130A发送心跳失败

2019-09-29 16:36:27    OP130B发送心跳失败

2019-09-29 16:36:29    电芯一段发送心跳失败

2019-09-29 16:36:29    转运段发送心跳失败

2019-09-29 16:36:29    OP200A发送心跳失败

2019-09-29 16:36:29    OP200B发送心跳失败

2019-09-29 16:36:33    OP090发送心跳失败

2019-09-29 16:36:33    OP240发送心跳失败

2019-09-29 16:36:33    OP020A-2发送心跳失败

2019-09-29 16:36:33    OP080发送心跳失败

2019-09-29 16:36:33    OP070A发送心跳失败

2019-09-29 16:36:33    OP210发送心跳失败

2019-09-29 16:36:33    OP220发送心跳失败

2019-09-29 16:36:39    电芯一段发送心跳失败

2019-09-29 16:36:39    转运段发送心跳失败

2019-09-29 16:36:39    OP100-2发送心跳失败

2019-09-29 16:36:39    OPOP110发送心跳失败

2019-09-29 16:36:39    OP130A发送心跳失败

2019-09-29 16:36:39    OP130B发送心跳失败

2019-09-29 16:36:39    OP200A发送心跳失败

2019-09-29 16:36:39    OP200B发送心跳失败

2019-09-29 16:36:39    CZ4发送心跳失败

2019-09-29 16:36:44    OP070A发送心跳失败

2019-09-29 16:36:44    OP080发送心跳失败

2019-09-29 16:36:44    OP090发送心跳失败

2019-09-29 16:36:44    OP210发送心跳失败

2019-09-29 16:36:44    OP220发送心跳失败

2019-09-29 16:36:44    OP240发送心跳失败

2019-09-29 16:36:44    OP020A-2发送心跳失败

2019-09-29 16:36:50    电芯一段发送心跳失败

2019-09-29 16:36:50    转运段发送心跳失败

2019-09-29 16:36:50    OP100-2发送心跳失败

2019-09-29 16:36:50    OPOP110发送心跳失败

2019-09-29 16:36:50    OP130A发送心跳失败

2019-09-29 16:36:50    OP130B发送心跳失败

2019-09-29 16:36:50    OP200A发送心跳失败

2019-09-29 16:36:50    OP200B发送心跳失败

2019-09-29 16:36:50    CZ4发送心跳失败

2019-09-29 16:36:54    OP080发送心跳失败

2019-09-29 16:36:54    OP070A发送心跳失败

2019-09-29 16:36:54    OP020A-2发送心跳失败

2019-09-29 16:36:54    OP240发送心跳失败

2019-09-29 16:36:54    OP220发送心跳失败

2019-09-29 16:36:54    OP210发送心跳失败

2019-09-29 16:36:54    OP090发送心跳失败

2019-09-29 16:37:00    电芯一段发送心跳失败

2019-09-29 16:37:00    转运段发送心跳失败

2019-09-29 16:37:00    OP100-2发送心跳失败

2019-09-29 16:37:00    OPOP110发送心跳失败

2019-09-29 16:37:00    OP130A发送心跳失败

2019-09-29 16:37:00    OP130B发送心跳失败

2019-09-29 16:37:00    OP200A发送心跳失败

2019-09-29 16:37:00    OP200B发送心跳失败

2019-09-29 16:37:00    CZ4发送心跳失败

2019-09-29 16:37:04    OP080发送心跳失败

2019-09-29 16:37:04    OP070A发送心跳失败

2019-09-29 16:37:04    OP020A-2发送心跳失败

2019-09-29 16:37:04    OP240发送心跳失败

2019-09-29 16:37:04    OP220发送心跳失败

2019-09-29 16:37:04    OP210发送心跳失败

2019-09-29 16:37:04    OP090发送心跳失败

2019-09-29 16:37:10    OP130A发送心跳失败

2019-09-29 16:37:10    OPOP110发送心跳失败

2019-09-29 16:37:10    OP100-2发送心跳失败

2019-09-29 16:37:10    转运段发送心跳失败

2019-09-29 16:37:10    电芯一段发送心跳失败

2019-09-29 16:37:10    CZ4发送心跳失败

2019-09-29 16:37:10    OP200B发送心跳失败

2019-09-29 16:37:10    OP200A发送心跳失败

2019-09-29 16:37:10    OP130B发送心跳失败

2019-09-29 16:37:14    OP080发送心跳失败

2019-09-29 16:37:14    OP070A发送心跳失败

2019-09-29 16:37:14    OP020A-2发送心跳失败

2019-09-29 16:37:14    OP240发送心跳失败

2019-09-29 16:37:14    OP220发送心跳失败

2019-09-29 16:37:14    OP210发送心跳失败

2019-09-29 16:37:14    OP090发送心跳失败

2019-09-29 16:37:20    OP130A发送心跳失败

2019-09-29 16:37:20    OPOP110发送心跳失败

2019-09-29 16:37:20    OP100-2发送心跳失败

2019-09-29 16:37:20    转运段发送心跳失败

2019-09-29 16:37:20    电芯一段发送心跳失败

2019-09-29 16:37:20    CZ4发送心跳失败

2019-09-29 16:37:20    OP200B发送心跳失败

2019-09-29 16:37:20    OP200A发送心跳失败

2019-09-29 16:37:20    OP130B发送心跳失败

2019-09-29 16:37:24    OP020A-2发送心跳失败

2019-09-29 16:37:24    OP240发送心跳失败

2019-09-29 16:37:24    OP220发送心跳失败

2019-09-29 16:37:24    OP210发送心跳失败

2019-09-29 16:37:24    OP090发送心跳失败

2019-09-29 16:37:24    OP080发送心跳失败

2019-09-29 16:37:24    OP070A发送心跳失败

2019-09-29 16:37:30    CZ4发送心跳失败

2019-09-29 16:37:30    OP200B发送心跳失败

2019-09-29 16:37:30    OP200A发送心跳失败

2019-09-29 16:37:30    OP130B发送心跳失败

2019-09-29 16:37:30    OP130A发送心跳失败

2019-09-29 16:37:30    OPOP110发送心跳失败

2019-09-29 16:37:30    OP100-2发送心跳失败

2019-09-29 16:37:30    转运段发送心跳失败

2019-09-29 16:37:30    电芯一段发送心跳失败

2019-09-29 16:37:34    OP020A-2发送心跳失败

2019-09-29 16:37:34    OP240发送心跳失败

2019-09-29 16:37:34    OP220发送心跳失败

2019-09-29 16:37:34    OP210发送心跳失败

2019-09-29 16:37:34    OP090发送心跳失败

2019-09-29 16:37:34    OP080发送心跳失败

2019-09-29 16:37:34    OP070A发送心跳失败

2019-09-29 16:37:40    CZ4发送心跳失败

2019-09-29 16:37:40    OP200B发送心跳失败

2019-09-29 16:37:40    OP200A发送心跳失败

2019-09-29 16:37:40    OP130B发送心跳失败

2019-09-29 16:37:40    OP130A发送心跳失败

2019-09-29 16:37:40    OPOP110发送心跳失败

2019-09-29 16:37:40    OP100-2发送心跳失败

2019-09-29 16:37:40    转运段发送心跳失败

2019-09-29 16:37:40    电芯一段发送心跳失败

2019-09-29 16:37:44    OP020A-2发送心跳失败

2019-09-29 16:37:44    OP240发送心跳失败

2019-09-29 16:37:44    OP220发送心跳失败

2019-09-29 16:37:44    OP210发送心跳失败

2019-09-29 16:37:44    OP090发送心跳失败

2019-09-29 16:37:44    OP080发送心跳失败

2019-09-29 16:37:44    OP070A发送心跳失败

2019-09-29 16:37:50    CZ4发送心跳失败

2019-09-29 16:37:50    OP200B发送心跳失败

2019-09-29 16:37:50    OP200A发送心跳失败

2019-09-29 16:37:50    OP130B发送心跳失败

2019-09-29 16:37:50    OP130A发送心跳失败

2019-09-29 16:37:50    OPOP110发送心跳失败

2019-09-29 16:37:50    OP100-2发送心跳失败

2019-09-29 16:37:50    转运段发送心跳失败

2019-09-29 16:37:50    电芯一段发送心跳失败

2019-09-29 16:37:54    OP020A-2发送心跳失败

2019-09-29 16:37:54    OP240发送心跳失败

2019-09-29 16:37:54    OP220发送心跳失败

2019-09-29 16:37:54    OP210发送心跳失败

2019-09-29 16:37:54    OP090发送心跳失败

2019-09-29 16:37:54    OP080发送心跳失败

2019-09-29 16:37:54    OP070A发送心跳失败

2019-09-29 16:38:00    CZ4发送心跳失败

2019-09-29 16:38:00    OP200B发送心跳失败

2019-09-29 16:38:00    OP200A发送心跳失败

2019-09-29 16:38:00    OP130B发送心跳失败

2019-09-29 16:38:00    OP130A发送心跳失败

2019-09-29 16:38:00    OPOP110发送心跳失败

2019-09-29 16:38:00    OP100-2发送心跳失败

2019-09-29 16:38:00    转运段发送心跳失败

2019-09-29 16:38:00    电芯一段发送心跳失败

2019-09-29 16:38:04    OP020A-2发送心跳失败

2019-09-29 16:38:04    OP240发送心跳失败

2019-09-29 16:38:04    OP220发送心跳失败

2019-09-29 16:38:04    OP210发送心跳失败

2019-09-29 16:38:04    OP090发送心跳失败

2019-09-29 16:38:04    OP080发送心跳失败

2019-09-29 16:38:04    OP070A发送心跳失败

2019-09-29 16:38:42    电芯一段发送心跳失败

2019-09-29 16:38:43    电芯二段发送心跳失败

2019-09-29 16:38:44    OP060发送心跳失败

2019-09-29 16:38:44    OP070A发送心跳失败

2019-09-29 16:38:45    OP080发送心跳失败

2019-09-29 16:38:46    OP090发送心跳失败

2019-09-29 16:38:47    OP100-2发送心跳失败

2019-09-29 16:38:50    OPOP110发送心跳失败

2019-09-29 16:38:50    OP130A发送心跳失败

2019-09-29 16:38:50    OP130B发送心跳失败

2019-09-29 16:38:52    OP200A发送心跳失败

2019-09-29 16:38:52    OP200B发送心跳失败

2019-09-29 16:38:52    OP210发送心跳失败

2019-09-29 16:38:56    OP090发送心跳失败

2019-09-29 16:38:57    OP100-2发送心跳失败

2019-09-29 16:38:57    CZ4发送心跳失败

2019-09-29 16:38:57    电芯一段发送心跳失败

2019-09-29 16:38:57    电芯二段发送心跳失败

2019-09-29 16:38:57    OP060发送心跳失败

2019-09-29 16:38:57    OP070A发送心跳失败

2019-09-29 16:38:57    OP080发送心跳失败

2019-09-29 16:38:57    OP220发送心跳失败

2019-09-29 16:38:57    OP240发送心跳失败

2019-09-29 16:38:57    OP020A-2发送心跳失败

2019-09-29 16:39:00    OPOP110发送心跳失败

2019-09-29 16:39:00    OP130A发送心跳失败

2019-09-29 16:39:00    OP130B发送心跳失败

2019-09-29 16:39:02    OP200A发送心跳失败

2019-09-29 16:39:02    OP200B发送心跳失败

2019-09-29 16:39:02    OP210发送心跳失败

2019-09-29 16:39:06    OP090发送心跳失败

2019-09-29 16:39:08    电芯一段发送心跳失败

2019-09-29 16:39:08    电芯二段发送心跳失败

2019-09-29 16:39:08    OP060发送心跳失败

2019-09-29 16:39:08    OP080发送心跳失败

2019-09-29 16:39:08    OP100-2发送心跳失败

2019-09-29 16:39:08    OP220发送心跳失败

2019-09-29 16:39:08    OP240发送心跳失败

2019-09-29 16:39:08    OP020A-2发送心跳失败

2019-09-29 16:39:08    CZ4发送心跳失败

2019-09-29 16:39:08    OP070A发送心跳失败

2019-09-29 16:40:54    转运段发送心跳失败

2019-09-29 16:40:55    电芯一段发送心跳失败

2019-09-29 16:40:55    电芯二段发送心跳失败

2019-09-29 16:40:56    OP070A发送心跳失败

2019-09-29 16:40:58    OP080发送心跳失败

2019-09-29 16:40:58    OP090发送心跳失败

2019-09-29 16:40:58    OP100-2发送心跳失败

2019-09-29 16:40:59    OPOP110发送心跳失败

2019-09-29 16:40:59    OP130A发送心跳失败

2019-09-29 16:41:00    OP130B发送心跳失败

2019-09-29 16:41:01    OP200A发送心跳失败

2019-09-29 16:41:03    OP200B发送心跳失败

2019-09-29 16:41:03    OP210发送心跳失败

2019-09-29 16:41:03    OP220发送心跳失败

2019-09-29 16:41:04    转运段发送心跳失败

2019-09-29 16:41:04    OP240发送心跳失败

2019-09-29 16:41:05    电芯一段发送心跳失败

2019-09-29 16:41:05    OP020A-2发送心跳失败

2019-09-29 16:41:05    电芯二段发送心跳失败

2019-09-29 16:41:06    CZ4发送心跳失败

2019-09-29 16:41:06    OP070A发送心跳失败

2019-09-29 16:41:08    OP100-2发送心跳失败

2019-09-29 16:41:08    OP090发送心跳失败

2019-09-29 16:41:08    OP080发送心跳失败

2019-09-29 16:41:09    OPOP110发送心跳失败

2019-09-29 16:41:09    OP130A发送心跳失败

2019-09-29 16:41:10    OP130B发送心跳失败

2019-09-29 16:41:11    OP200A发送心跳失败

2019-09-29 16:41:13    OP220发送心跳失败

2019-09-29 16:41:13    OP210发送心跳失败

2019-09-29 16:41:13    OP200B发送心跳失败

2019-09-29 16:41:14    转运段发送心跳失败

2019-09-29 16:41:14    OP240发送心跳失败

2019-09-29 16:41:15    电芯一段发送心跳失败

2019-09-29 16:41:15    OP020A-2发送心跳失败

2019-09-29 16:41:15    电芯二段发送心跳失败

2019-09-29 16:41:16    CZ4发送心跳失败

2019-09-29 16:41:16    OP070A发送心跳失败

2019-09-29 16:41:19    OP080发送心跳失败

2019-09-29 16:41:19    OP090发送心跳失败

2019-09-29 16:41:19    OP100-2发送心跳失败

2019-09-29 16:41:19    OPOP110发送心跳失败

2019-09-29 16:41:19    OP130A发送心跳失败

2019-09-29 16:41:20    OP130B发送心跳失败

2019-09-29 16:41:21    OP200A发送心跳失败

2019-09-29 16:41:24    OP200B发送心跳失败

2019-09-29 16:41:24    OP210发送心跳失败

2019-09-29 16:41:24    OP220发送心跳失败

2019-09-29 16:41:29    转运段发送心跳失败

2019-09-29 16:41:29    电芯一段发送心跳失败

2019-09-29 16:41:29    电芯二段发送心跳失败

2019-09-29 16:41:29    OP070A发送心跳失败

2019-09-29 16:41:29    OP080发送心跳失败

2019-09-29 16:41:29    OP090发送心跳失败

2019-09-29 16:41:29    OP100-2发送心跳失败

2019-09-29 16:41:29    OP240发送心跳失败

2019-09-29 16:41:29    OP020A-2发送心跳失败

2019-09-29 16:41:29    CZ4发送心跳失败

2019-09-29 16:41:30    OPOP110发送心跳失败

2019-09-29 16:41:30    OP130A发送心跳失败

2019-09-29 16:41:30    OP130B发送心跳失败

2019-09-29 16:41:32    OP200A发送心跳失败

2019-09-29 16:41:34    OP200B发送心跳失败

2019-09-29 16:41:34    OP210发送心跳失败

2019-09-29 16:41:34    OP220发送心跳失败

2019-09-29 16:41:39    OP090发送心跳失败

2019-09-29 16:41:39    OP100-2发送心跳失败

2019-09-29 16:41:39    OP240发送心跳失败

2019-09-29 16:41:39    OP020A-2发送心跳失败

2019-09-29 16:41:39    CZ4发送心跳失败

2019-09-29 16:41:39    OP080发送心跳失败

2019-09-29 16:41:39    转运段发送心跳失败

2019-09-29 16:41:39    电芯一段发送心跳失败

2019-09-29 16:41:39    电芯二段发送心跳失败

2019-09-29 16:41:39    OP070A发送心跳失败

2019-09-29 16:41:40    OP130A发送心跳失败

2019-09-29 16:41:40    OPOP110发送心跳失败

2019-09-29 16:41:41    OP130B发送心跳失败

2019-09-29 16:41:42    OP200A发送心跳失败

2019-09-29 16:41:44    OP200B发送心跳失败

2019-09-29 16:41:44    OP210发送心跳失败

2019-09-29 16:41:44    OP220发送心跳失败

2019-09-29 16:41:49    OP240发送心跳失败

2019-09-29 16:41:49    OP100-2发送心跳失败

2019-09-29 16:41:49    OP090发送心跳失败

2019-09-29 16:41:49    CZ4发送心跳失败

2019-09-29 16:41:49    OP020A-2发送心跳失败

2019-09-29 16:41:49    OP080发送心跳失败

2019-09-29 16:41:49    OP070A发送心跳失败

2019-09-29 16:41:49    电芯二段发送心跳失败

2019-09-29 16:41:49    电芯一段发送心跳失败

2019-09-29 16:41:49    转运段发送心跳失败

2019-09-29 16:41:50    OP130A发送心跳失败

2019-09-29 16:41:50    OPOP110发送心跳失败

2019-09-29 16:41:51    OP130B发送心跳失败

2019-09-29 16:41:52    OP200A发送心跳失败

2019-09-29 16:41:54    OP200B发送心跳失败

2019-09-29 16:41:54    OP210发送心跳失败

2019-09-29 16:41:54    OP220发送心跳失败

2019-09-29 16:41:59    OP240发送心跳失败

2019-09-29 16:41:59    OP100-2发送心跳失败

2019-09-29 16:41:59    OP090发送心跳失败

2019-09-29 16:41:59    CZ4发送心跳失败

2019-09-29 16:41:59    OP020A-2发送心跳失败

2019-09-29 16:41:59    OP080发送心跳失败

2019-09-29 16:41:59    OP070A发送心跳失败

2019-09-29 16:41:59    电芯二段发送心跳失败

2019-09-29 16:41:59    电芯一段发送心跳失败

2019-09-29 16:41:59    转运段发送心跳失败

2019-09-29 16:42:00    OP130A发送心跳失败

2019-09-29 16:42:00    OPOP110发送心跳失败

2019-09-29 16:42:01    OP130B发送心跳失败

2019-09-29 16:42:02    OP200A发送心跳失败

2019-09-29 16:42:04    OP220发送心跳失败

2019-09-29 16:42:04    OP210发送心跳失败

2019-09-29 16:42:04    OP200B发送心跳失败

2019-09-29 16:42:09    OP240发送心跳失败

2019-09-29 16:42:09    OP100-2发送心跳失败

2019-09-29 16:42:09    OP090发送心跳失败

2019-09-29 16:42:09    转运段发送心跳失败

2019-09-29 16:42:09    电芯一段发送心跳失败

2019-09-29 16:42:09    电芯二段发送心跳失败

2019-09-29 16:42:09    OP070A发送心跳失败

2019-09-29 16:42:09    OP080发送心跳失败

2019-09-29 16:42:09    OP020A-2发送心跳失败

2019-09-29 16:42:09    CZ4发送心跳失败

2019-09-29 16:42:10    OP130A发送心跳失败

2019-09-29 16:42:10    OPOP110发送心跳失败

2019-09-29 16:42:11    OP130B发送心跳失败

2019-09-29 16:42:12    OP200A发送心跳失败

2019-09-29 16:42:14    OP220发送心跳失败

2019-09-29 16:42:14    OP210发送心跳失败

2019-09-29 16:42:14    OP200B发送心跳失败

2019-09-29 16:42:19    OP240发送心跳失败

2019-09-29 16:42:19    OP100-2发送心跳失败

2019-09-29 16:42:19    OP090发送心跳失败

2019-09-29 16:42:19    CZ4发送心跳失败

2019-09-29 16:42:19    OP020A-2发送心跳失败

2019-09-29 16:42:19    OP080发送心跳失败

2019-09-29 16:42:19    OP070A发送心跳失败

2019-09-29 16:42:19    电芯二段发送心跳失败

2019-09-29 16:42:19    电芯一段发送心跳失败

2019-09-29 16:42:19    转运段发送心跳失败

2019-09-29 16:42:20    OPOP110发送心跳失败

2019-09-29 16:42:20    OP130A发送心跳失败

2019-09-29 16:42:21    OP130B发送心跳失败

2019-09-29 16:42:22    OP200A发送心跳失败

2019-09-29 16:42:24    OP220发送心跳失败

2019-09-29 16:42:24    OP210发送心跳失败

2019-09-29 16:42:24    OP200B发送心跳失败

2019-09-29 16:42:29    OP090发送心跳失败

2019-09-29 16:42:29    OP100-2发送心跳失败

2019-09-29 16:42:29    OP240发送心跳失败

2019-09-29 16:42:29    CZ4发送心跳失败

2019-09-29 16:42:29    OP020A-2发送心跳失败

2019-09-29 16:42:29    OP080发送心跳失败

2019-09-29 16:42:29    OP070A发送心跳失败

2019-09-29 16:42:29    电芯二段发送心跳失败

2019-09-29 16:42:29    电芯一段发送心跳失败

2019-09-29 16:42:29    转运段发送心跳失败

2019-09-29 16:42:30    OPOP110发送心跳失败

2019-09-29 16:42:30    OP130A发送心跳失败

2019-09-29 16:42:31    OP130B发送心跳失败

2019-09-29 16:42:32    OP200A发送心跳失败

2019-09-29 16:42:34    OP220发送心跳失败

2019-09-29 16:42:34    OP210发送心跳失败

2019-09-29 16:42:34    OP200B发送心跳失败

2019-09-29 16:42:39    OP240发送心跳失败

2019-09-29 16:42:39    OP100-2发送心跳失败

2019-09-29 16:42:39    OP090发送心跳失败

2019-09-29 16:42:39    CZ4发送心跳失败

2019-09-29 16:42:39    OP020A-2发送心跳失败

2019-09-29 16:42:39    OP080发送心跳失败

2019-09-29 16:42:39    OP070A发送心跳失败

2019-09-29 16:42:39    电芯二段发送心跳失败

2019-09-29 16:42:39    电芯一段发送心跳失败

2019-09-29 16:42:39    转运段发送心跳失败

2019-09-29 16:42:40    OP130A发送心跳失败

2019-09-29 16:42:40    OPOP110发送心跳失败

2019-09-29 16:42:41    OP130B发送心跳失败

2019-09-29 16:42:42    OP200A发送心跳失败

2019-09-29 16:42:44    OP220发送心跳失败

2019-09-29 16:42:44    OP210发送心跳失败

2019-09-29 16:42:44    OP200B发送心跳失败

2019-09-29 16:42:49    OP240发送心跳失败

2019-09-29 16:42:49    OP100-2发送心跳失败

2019-09-29 16:42:49    OP090发送心跳失败

2019-09-29 16:42:49    CZ4发送心跳失败

2019-09-29 16:42:49    OP020A-2发送心跳失败

2019-09-29 16:42:49    OP080发送心跳失败

2019-09-29 16:42:49    OP070A发送心跳失败

2019-09-29 16:42:49    电芯二段发送心跳失败

2019-09-29 16:42:49    电芯一段发送心跳失败

2019-09-29 16:42:49    转运段发送心跳失败

2019-09-29 16:42:50    OP130A发送心跳失败

2019-09-29 16:42:50    OPOP110发送心跳失败

2019-09-29 16:42:51    OP130B发送心跳失败

2019-09-29 16:42:53    OP200A发送心跳失败

2019-09-29 16:42:54    OP220发送心跳失败

2019-09-29 16:42:54    OP210发送心跳失败

2019-09-29 16:42:54    OP200B发送心跳失败

2019-09-29 16:42:59    OP240发送心跳失败

2019-09-29 16:42:59    OP100-2发送心跳失败

2019-09-29 16:42:59    OP090发送心跳失败

2019-09-29 16:42:59    CZ4发送心跳失败

2019-09-29 16:42:59    OP020A-2发送心跳失败

2019-09-29 16:42:59    OP080发送心跳失败

2019-09-29 16:42:59    OP070A发送心跳失败

2019-09-29 16:42:59    电芯二段发送心跳失败

2019-09-29 16:42:59    电芯一段发送心跳失败

2019-09-29 16:42:59    转运段发送心跳失败

2019-09-29 16:43:00    OP130A发送心跳失败

2019-09-29 16:43:00    OPOP110发送心跳失败

2019-09-29 16:43:01    OP130B发送心跳失败

2019-09-29 16:43:03    OP200A发送心跳失败

2019-09-29 16:43:04    OP220发送心跳失败

2019-09-29 16:43:04    OP210发送心跳失败

2019-09-29 16:43:04    OP200B发送心跳失败

2019-09-29 16:43:09    OP240发送心跳失败

2019-09-29 16:43:09    OP100-2发送心跳失败

2019-09-29 16:43:09    OP090发送心跳失败

2019-09-29 16:43:09    CZ4发送心跳失败

2019-09-29 16:43:09    OP020A-2发送心跳失败

2019-09-29 16:43:09    OP080发送心跳失败

2019-09-29 16:43:09    OP070A发送心跳失败

2019-09-29 16:43:09    电芯二段发送心跳失败

2019-09-29 16:43:09    电芯一段发送心跳失败

2019-09-29 16:43:09    转运段发送心跳失败

2019-09-29 16:43:10    OP130A发送心跳失败

2019-09-29 16:43:10    OPOP110发送心跳失败

2019-09-29 16:43:11    OP130B发送心跳失败

2019-09-29 16:43:13    OP200A发送心跳失败

2019-09-29 16:43:14    OP220发送心跳失败

2019-09-29 16:43:14    OP210发送心跳失败

2019-09-29 16:43:14    OP200B发送心跳失败

2019-09-29 16:43:19    OP090发送心跳失败

2019-09-29 16:43:19    OP100-2发送心跳失败

2019-09-29 16:43:19    OP240发送心跳失败

2019-09-29 16:43:19    CZ4发送心跳失败

2019-09-29 16:43:19    OP020A-2发送心跳失败

2019-09-29 16:43:19    OP080发送心跳失败

2019-09-29 16:43:19    OP070A发送心跳失败

2019-09-29 16:43:19    电芯二段发送心跳失败

2019-09-29 16:43:19    电芯一段发送心跳失败

2019-09-29 16:43:19    转运段发送心跳失败

2019-09-29 16:43:20    OP130A发送心跳失败

2019-09-29 16:43:20    OPOP110发送心跳失败

2019-09-29 16:43:21    OP130B发送心跳失败

2019-09-29 16:43:23    OP200A发送心跳失败

2019-09-29 16:43:24    OP200B发送心跳失败

2019-09-29 16:43:24    OP210发送心跳失败

2019-09-29 16:43:24    OP220发送心跳失败

2019-09-29 16:43:29    OP240发送心跳失败

2019-09-29 16:43:29    OP100-2发送心跳失败

2019-09-29 16:43:29    OP090发送心跳失败

2019-09-29 16:43:29    CZ4发送心跳失败

2019-09-29 16:43:29    OP020A-2发送心跳失败

2019-09-29 16:43:29    OP080发送心跳失败

2019-09-29 16:43:29    OP070A发送心跳失败

2019-09-29 16:43:29    电芯二段发送心跳失败

2019-09-29 16:43:29    电芯一段发送心跳失败

2019-09-29 16:43:29    转运段发送心跳失败

2019-09-29 16:43:30    OP130A发送心跳失败

2019-09-29 16:43:30    OPOP110发送心跳失败

2019-09-29 16:43:31    OP130B发送心跳失败

2019-09-29 16:43:33    OP200A发送心跳失败

2019-09-29 16:43:34    OP220发送心跳失败

2019-09-29 16:43:34    OP210发送心跳失败

2019-09-29 16:43:34    OP200B发送心跳失败

2019-09-29 16:43:39    OP240发送心跳失败

2019-09-29 16:43:39    OP100-2发送心跳失败

2019-09-29 16:43:39    OP090发送心跳失败

2019-09-29 16:43:40    CZ4发送心跳失败

2019-09-29 16:43:40    OP020A-2发送心跳失败

2019-09-29 16:43:40    OP080发送心跳失败

2019-09-29 16:43:40    OP070A发送心跳失败

2019-09-29 16:43:40    电芯二段发送心跳失败

2019-09-29 16:43:40    电芯一段发送心跳失败

2019-09-29 16:43:40    转运段发送心跳失败

2019-09-29 16:43:40    OP130A发送心跳失败

2019-09-29 16:43:40    OPOP110发送心跳失败

2019-09-29 16:43:41    OP130B发送心跳失败

2019-09-29 16:43:43    OP200A发送心跳失败

2019-09-29 16:43:44    OP220发送心跳失败

2019-09-29 16:43:44    OP210发送心跳失败

2019-09-29 16:43:44    OP200B发送心跳失败

2019-09-29 16:43:50    OP240发送心跳失败

2019-09-29 16:43:50    OP100-2发送心跳失败

2019-09-29 16:43:50    OP090发送心跳失败

2019-09-29 16:43:50    CZ4发送心跳失败

2019-09-29 16:43:50    OP020A-2发送心跳失败

2019-09-29 16:43:50    OP080发送心跳失败

2019-09-29 16:43:50    OP070A发送心跳失败

2019-09-29 16:43:50    电芯二段发送心跳失败

2019-09-29 16:43:50    电芯一段发送心跳失败

2019-09-29 16:43:50    转运段发送心跳失败

2019-09-29 16:43:50    OP130A发送心跳失败

2019-09-29 16:43:50    OPOP110发送心跳失败

2019-09-29 16:43:51    OP130B发送心跳失败

2019-09-29 16:43:53    OP200A发送心跳失败

2019-09-29 16:43:54    OP220发送心跳失败

2019-09-29 16:43:54    OP210发送心跳失败

2019-09-29 16:43:54    OP200B发送心跳失败

2019-09-29 16:44:00    OP240发送心跳失败

2019-09-29 16:44:00    OP100-2发送心跳失败

2019-09-29 16:44:00    OP090发送心跳失败

2019-09-29 16:44:00    CZ4发送心跳失败

2019-09-29 16:44:00    OP020A-2发送心跳失败

2019-09-29 16:44:00    OP080发送心跳失败

2019-09-29 16:44:00    OP070A发送心跳失败

2019-09-29 16:44:00    电芯二段发送心跳失败

2019-09-29 16:44:00    电芯一段发送心跳失败

2019-09-29 16:44:00    转运段发送心跳失败

2019-09-29 16:44:00    OP130A发送心跳失败

2019-09-29 16:44:00    OPOP110发送心跳失败

2019-09-29 16:44:01    OP130B发送心跳失败

2019-09-29 16:44:03    OP200A发送心跳失败

2019-09-29 16:44:04    OP220发送心跳失败

2019-09-29 16:44:04    OP210发送心跳失败

2019-09-29 16:44:04    OP200B发送心跳失败

2019-09-29 16:44:10    OP240发送心跳失败

2019-09-29 16:44:10    OP100-2发送心跳失败

2019-09-29 16:44:10    OP090发送心跳失败

2019-09-29 16:44:10    CZ4发送心跳失败

2019-09-29 16:44:10    OP020A-2发送心跳失败

2019-09-29 16:44:10    OP080发送心跳失败

2019-09-29 16:44:10    OP070A发送心跳失败

2019-09-29 16:44:10    电芯二段发送心跳失败

2019-09-29 16:44:10    电芯一段发送心跳失败

2019-09-29 16:44:10    转运段发送心跳失败

2019-09-29 16:44:10    OP130A发送心跳失败

2019-09-29 16:44:10    OPOP110发送心跳失败

2019-09-29 16:44:11    OP130B发送心跳失败

2019-09-29 16:44:13    OP200A发送心跳失败

2019-09-29 16:44:14    OP220发送心跳失败

2019-09-29 16:44:14    OP210发送心跳失败

2019-09-29 16:44:14    OP200B发送心跳失败

2019-09-29 16:44:20    OP240发送心跳失败

2019-09-29 16:44:20    OP020A-2发送心跳失败

2019-09-29 16:44:20    CZ4发送心跳失败

